# JRE version: Java(TM) SE Runtime Environment (8.0_301-b09) (build 1.8.0_301-b09)
# Java VM: Java HotSpot(TM) 64-Bit Server VM (25.301-b09 mixed mode windows-amd64 compressed oops)
Heap:
 PSYoungGen      total 56832K, used 10774K [0x00000000f5580000, 0x00000000fc500000, 0x0000000100000000)
  eden space 49152K, 7% used [0x00000000f5580000,0x00000000f58e24e0,0x00000000f8580000)
  from space 7680K, 95% used [0x00000000fbd80000,0x00000000fc4a33c8,0x00000000fc500000)
  to   space 8192K, 0% used [0x00000000fb500000,0x00000000fb500000,0x00000000fbd00000)
 ParOldGen       total 131072K, used 32K [0x00000000e0000000, 0x00000000e8000000, 0x00000000f5580000)
  object space 131072K, 0% used [0x00000000e0000000,0x00000000e0008000,0x00000000e8000000)
 Metaspace       used 17861K, capacity 18134K, committed 18560K, reserved 1064960K
  class space    used 2069K, capacity 2149K, committed 2176K, reserved 1048576K
GC Heap History (4 events):
Event: 4.480 GC heap before
{Heap before GC invocations=1 (full 0):
 PSYoungGen      total 57344K, used 49152K [0x00000000f5580000, 0x00000000f9580000, 0x0000000100000000)
  eden space 49152K, 100% used [0x00000000f5580000,0x00000000f8580000,0x00000000f8580000)
  from space 8192K, 0% used [0x00000000f8d80000,0x00000000f8d80000,0x00000000f9580000)
  to   space 8192K, 0% used [0x00000000f8580000,0x00000000f8580000,0x00000000f8d80000)
 ParOldGen       total 131072K, used 0K [0x00000000e0000000, 0x00000000e8000000, 0x00000000f5580000)
  object space 131072K, 0% used [0x00000000e0000000,0x00000000e0000000,0x00000000e8000000)
 Metaspace       used 14222K, capacity 14564K, committed 14848K, reserved 1062912K
  class space    used 1658K, capacity 1792K, committed 1792K, reserved 1048576K
Event: 4.552 GC heap after
Heap after GC invocations=1 (full 0):
 PSYoungGen      total 57344K, used 8169K [0x00000000f5580000, 0x00000000fc580000, 0x0000000100000000)
  eden space 49152K, 0% used [0x00000000f5580000,0x00000000f5580000,0x00000000f8580000)
  from space 8192K, 99% used [0x00000000f8580000,0x00000000f8d7a440,0x00000000f8d80000)
  to   space 8192K, 0% used [0x00000000fbd80000,0x00000000fbd80000,0x00000000fc580000)
 ParOldGen       total 131072K, used 24K [0x00000000e0000000, 0x00000000e8000000, 0x00000000f5580000)
  object space 131072K, 0% used [0x00000000e0000000,0x00000000e0006000,0x00000000e8000000)
 Metaspace       used 14222K, capacity 14564K, committed 14848K, reserved 1062912K
  class space    used 1658K, capacity 1792K, committed 1792K, reserved 1048576K
}
Event: 152.301 GC heap before
{Heap before GC invocations=2 (full 0):
 PSYoungGen      total 57344K, used 57321K [0x00000000f5580000, 0x00000000fc580000, 0x0000000100000000)
  eden space 49152K, 100% used [0x00000000f5580000,0x00000000f8580000,0x00000000f8580000)
  from space 8192K, 99% used [0x00000000f8580000,0x00000000f8d7a440,0x00000000f8d80000)
  to   space 8192K, 0% used [0x00000000fbd80000,0x00000000fbd80000,0x00000000fc580000)
 ParOldGen       total 131072K, used 24K [0x00000000e0000000, 0x00000000e8000000, 0x00000000f5580000)
  object space 131072K, 0% used [0x00000000e0000000,0x00000000e0006000,0x00000000e8000000)
 Metaspace       used 17831K, capacity 18134K, committed 18560K, reserved 1064960K
  class space    used 2069K, capacity 2149K, committed 2176K, reserved 1048576K
Event: 152.361 GC heap after
Heap after GC invocations=2 (full 0):
 PSYoungGen      total 56832K, used 7308K [0x00000000f5580000, 0x00000000fc500000, 0x0000000100000000)
  eden space 49152K, 0% used [0x00000000f5580000,0x00000000f5580000,0x00000000f8580000)
  from space 7680K, 95% used [0x00000000fbd80000,0x00000000fc4a33c8,0x00000000fc500000)
  to   space 8192K, 0% used [0x00000000fb500000,0x00000000fb500000,0x00000000fbd00000)
 ParOldGen       total 131072K, used 32K [0x00000000e0000000, 0x00000000e8000000, 0x00000000f5580000)
  object space 131072K, 0% used [0x00000000e0000000,0x00000000e0008000,0x00000000e8000000)
 Metaspace       used 17831K, capacity 18134K, committed 18560K, reserved 1064960K
  class space    used 2069K, capacity 2149K, committed 2176K, reserved 1048576K
}

